[ 2016-05-13T00:00:16+08:00 ] ::1 /NewBlog/
INFO: [ app_init ] --START--
INFO: Run Behavior\BuildLiteBehavior [ RunTime:0.001000s ]
INFO: [ app_init ] --END-- [ RunTime:0.003000s ]
INFO: [ app_begin ] --START--
INFO: Run Behavior\ReadHtmlCacheBehavior [ RunTime:0.004000s ]
INFO: [ app_begin ] --END-- [ RunTime:0.006001s ]
SQL: SHOW COLUMNS FROM `blog_login_type` [ RunTime:0.0210s ]
SQL: SELECT `name` FROM `blog_login_type` WHERE `id` = null LIMIT 1   [ RunTime:0.0010s ]
SQL: SHOW COLUMNS FROM `blog_article_category` [ RunTime:0.0230s ]
SQL: SELECT * FROM `blog_article_category` WHERE `status` = 1  [ RunTime:0.0020s ]
NOTIC: [8] Undefined variable: arr C:\wamp\www\NewBlog\Class\Home\Common\function.php 第 15 行.
NOTIC: [8] Undefined variable: arr C:\wamp\www\NewBlog\Class\Home\Common\function.php 第 15 行.
NOTIC: [8] Undefined variable: arr C:\wamp\www\NewBlog\Class\Home\Common\function.php 第 15 行.
NOTIC: [8] Undefined variable: arr C:\wamp\www\NewBlog\Class\Home\Common\function.php 第 15 行.
NOTIC: [8] Undefined variable: arr C:\wamp\www\NewBlog\Class\Home\Common\function.php 第 15 行.
SQL: SHOW COLUMNS FROM `blog_article_detail` [ RunTime:0.0220s ]
SQL: SELECT * FROM blog_article_detail ad WHERE ad.status = 1 AND `category_id` > 0 ORDER BY update_time desc LIMIT 0,4   [ RunTime:0.0020s ]
SQL: SELECT * FROM blog_article_detail ad WHERE ad.status = 1 AND `category_id` > 0 ORDER BY update_time desc LIMIT 0,6   [ RunTime:0.0020s ]
SQL: SELECT * FROM blog_article_detail ad WHERE ad.status = 1 AND `category_id` > 0 ORDER BY update_time desc  [ RunTime:0.0010s ]
SQL: SHOW COLUMNS FROM `blog_article_category` [ RunTime:0.0210s ]
SQL: SELECT * FROM `blog_article_category` WHERE `id` = 5 LIMIT 1   [ RunTime:0.0020s ]
INFO: [ view_parse ] --START--
INFO: [ template_filter ] --START--
INFO: Run Behavior\ContentReplaceBehavior [ RunTime:0.000000s ]
INFO: [ template_filter ] --END-- [ RunTime:0.002000s ]
NOTIC: [8] Undefined index: index_show C:\wamp\www\NewBlog\Class\Runtime\Cache\Home\019c94ce4980ea5b42b0fa88e5a3326f.php 第 104 行.
INFO: Run Behavior\ParseTemplateBehavior [ RunTime:0.170010s ]
INFO: [ view_parse ] --END-- [ RunTime:0.170010s ]
INFO: [ view_filter ] --START--
INFO: Run Behavior\WriteHtmlCacheBehavior [ RunTime:0.005001s ]
INFO: [ view_filter ] --END-- [ RunTime:0.006001s ]
INFO: [ app_end ] --START--
INFO: Run Behavior\ShowPageTraceBehavior [ RunTime:0.007000s ]
INFO: [ app_end ] --END-- [ RunTime:0.009000s ]

[ 2016-05-13T00:03:54+08:00 ] ::1 /NewBlog/
INFO: [ app_init ] --START--
INFO: Run Behavior\BuildLiteBehavior [ RunTime:0.000000s ]
INFO: [ app_init ] --END-- [ RunTime:0.004001s ]
INFO: [ app_begin ] --START--
INFO: Run Behavior\ReadHtmlCacheBehavior [ RunTime:0.015001s ]
INFO: [ app_begin ] --END-- [ RunTime:0.015001s ]
SQL: SHOW COLUMNS FROM `blog_login_type` [ RunTime:0.0240s ]
SQL: SELECT `name` FROM `blog_login_type` WHERE `id` = null LIMIT 1   [ RunTime:0.0010s ]
SQL: SHOW COLUMNS FROM `blog_article_category` [ RunTime:0.0300s ]
SQL: SELECT * FROM `blog_article_category` WHERE `status` = 1  [ RunTime:0.0010s ]
NOTIC: [8] Undefined variable: arr C:\wamp\www\NewBlog\Class\Home\Common\function.php 第 15 行.
NOTIC: [8] Undefined variable: arr C:\wamp\www\NewBlog\Class\Home\Common\function.php 第 15 行.
NOTIC: [8] Undefined variable: arr C:\wamp\www\NewBlog\Class\Home\Common\function.php 第 15 行.
NOTIC: [8] Undefined variable: arr C:\wamp\www\NewBlog\Class\Home\Common\function.php 第 15 行.
NOTIC: [8] Undefined variable: arr C:\wamp\www\NewBlog\Class\Home\Common\function.php 第 15 行.
SQL: SHOW COLUMNS FROM `blog_article_detail` [ RunTime:0.0300s ]
SQL: SELECT * FROM blog_article_detail ad WHERE ad.status = 1 AND `category_id` > 0 ORDER BY update_time desc LIMIT 0,4   [ RunTime:0.0020s ]
SQL: SELECT * FROM blog_article_detail ad WHERE ad.status = 1 AND `category_id` > 0 ORDER BY update_time desc LIMIT 0,6   [ RunTime:0.0010s ]
SQL: SELECT * FROM blog_article_detail ad WHERE ad.status = 1 AND `category_id` > 0 ORDER BY update_time desc  [ RunTime:0.0020s ]
SQL: SHOW COLUMNS FROM `blog_article_category` [ RunTime:0.0300s ]
SQL: SELECT * FROM `blog_article_category` WHERE `id` = 5 LIMIT 1   [ RunTime:0.0030s ]
INFO: [ view_parse ] --START--
INFO: [ template_filter ] --START--
INFO: Run Behavior\ContentReplaceBehavior [ RunTime:0.001000s ]
INFO: [ template_filter ] --END-- [ RunTime:0.002000s ]
NOTIC: [8] Undefined index: index_show C:\wamp\www\NewBlog\Class\Runtime\Cache\Home\019c94ce4980ea5b42b0fa88e5a3326f.php 第 104 行.
INFO: Run Behavior\ParseTemplateBehavior [ RunTime:0.152009s ]
INFO: [ view_parse ] --END-- [ RunTime:0.153009s ]
INFO: [ view_filter ] --START--
INFO: Run Behavior\WriteHtmlCacheBehavior [ RunTime:0.003000s ]
INFO: [ view_filter ] --END-- [ RunTime:0.004000s ]
INFO: [ app_end ] --START--
INFO: Run Behavior\ShowPageTraceBehavior [ RunTime:0.004000s ]
INFO: [ app_end ] --END-- [ RunTime:0.006000s ]

[ 2016-05-13T18:48:34+08:00 ] ::1 /NewBlog/
INFO: [ app_init ] --START--
INFO: Run Behavior\BuildLiteBehavior [ RunTime:0.000000s ]
INFO: [ app_init ] --END-- [ RunTime:0.003000s ]
INFO: [ app_begin ] --START--
INFO: Run Behavior\ReadHtmlCacheBehavior [ RunTime:0.006000s ]
INFO: [ app_begin ] --END-- [ RunTime:0.007000s ]
SQL: SHOW COLUMNS FROM `blog_login_type` [ RunTime:0.0770s ]
SQL: SELECT `name` FROM `blog_login_type` WHERE `id` = null LIMIT 1   [ RunTime:0.0010s ]
SQL: SHOW COLUMNS FROM `blog_article_category` [ RunTime:0.1800s ]
SQL: SELECT * FROM `blog_article_category` WHERE `status` = 1  [ RunTime:0.0020s ]
NOTIC: [8] Undefined variable: arr C:\wamp\www\NewBlog\Class\Home\Common\function.php 第 15 行.
NOTIC: [8] Undefined variable: arr C:\wamp\www\NewBlog\Class\Home\Common\function.php 第 15 行.
NOTIC: [8] Undefined variable: arr C:\wamp\www\NewBlog\Class\Home\Common\function.php 第 15 行.
NOTIC: [8] Undefined variable: arr C:\wamp\www\NewBlog\Class\Home\Common\function.php 第 15 行.
NOTIC: [8] Undefined variable: arr C:\wamp\www\NewBlog\Class\Home\Common\function.php 第 15 行.
SQL: SHOW COLUMNS FROM `blog_article_detail` [ RunTime:0.0500s ]
SQL: SELECT * FROM blog_article_detail ad WHERE ad.status = 1 AND `category_id` > 0 ORDER BY update_time desc LIMIT 0,4   [ RunTime:0.0030s ]
SQL: SELECT * FROM blog_article_detail ad WHERE ad.status = 1 AND `category_id` > 0 ORDER BY update_time desc LIMIT 0,6   [ RunTime:0.0030s ]
SQL: SELECT * FROM blog_article_detail ad WHERE ad.status = 1 AND `category_id` > 0 ORDER BY update_time desc  [ RunTime:0.0020s ]
SQL: SHOW COLUMNS FROM `blog_article_category` [ RunTime:0.0210s ]
SQL: SELECT * FROM `blog_article_category` WHERE `id` = 5 LIMIT 1   [ RunTime:0.0030s ]
INFO: [ view_parse ] --START--
INFO: [ template_filter ] --START--
INFO: Run Behavior\ContentReplaceBehavior [ RunTime:0.001000s ]
INFO: [ template_filter ] --END-- [ RunTime:0.001000s ]
NOTIC: [8] Undefined index: index_show C:\wamp\www\NewBlog\Class\Runtime\Cache\Home\019c94ce4980ea5b42b0fa88e5a3326f.php 第 104 行.
INFO: Run Behavior\ParseTemplateBehavior [ RunTime:0.230013s ]
INFO: [ view_parse ] --END-- [ RunTime:0.230013s ]
INFO: [ view_filter ] --START--
INFO: Run Behavior\WriteHtmlCacheBehavior [ RunTime:0.003000s ]
INFO: [ view_filter ] --END-- [ RunTime:0.004000s ]
INFO: [ app_end ] --START--
INFO: Run Behavior\ShowPageTraceBehavior [ RunTime:0.004000s ]
INFO: [ app_end ] --END-- [ RunTime:0.005000s ]

[ 2016-05-13T18:56:40+08:00 ] ::1 /NewBlog/
INFO: [ app_init ] --START--
INFO: Run Behavior\BuildLiteBehavior [ RunTime:0.000000s ]
INFO: [ app_init ] --END-- [ RunTime:0.004000s ]
INFO: [ app_begin ] --START--
INFO: Run Behavior\ReadHtmlCacheBehavior [ RunTime:0.006000s ]
INFO: [ app_begin ] --END-- [ RunTime:0.007000s ]
SQL: SHOW COLUMNS FROM `blog_login_type` [ RunTime:0.0260s ]
SQL: SELECT `name` FROM `blog_login_type` WHERE `id` = null LIMIT 1   [ RunTime:0.0010s ]
SQL: SHOW COLUMNS FROM `blog_article_category` [ RunTime:0.0230s ]
SQL: SELECT * FROM `blog_article_category` WHERE `status` = 1  [ RunTime:0.0030s ]
NOTIC: [8] Undefined variable: arr C:\wamp\www\NewBlog\Class\Home\Common\function.php 第 15 行.
NOTIC: [8] Undefined variable: arr C:\wamp\www\NewBlog\Class\Home\Common\function.php 第 15 行.
NOTIC: [8] Undefined variable: arr C:\wamp\www\NewBlog\Class\Home\Common\function.php 第 15 行.
NOTIC: [8] Undefined variable: arr C:\wamp\www\NewBlog\Class\Home\Common\function.php 第 15 行.
NOTIC: [8] Undefined variable: arr C:\wamp\www\NewBlog\Class\Home\Common\function.php 第 15 行.
SQL: SHOW COLUMNS FROM `blog_article_detail` [ RunTime:0.0300s ]
SQL: SELECT * FROM blog_article_detail ad WHERE ad.status = 1 AND `category_id` > 0 ORDER BY update_time desc LIMIT 0,4   [ RunTime:0.0020s ]
SQL: SELECT * FROM blog_article_detail ad WHERE ad.status = 1 AND `category_id` > 0 ORDER BY update_time desc LIMIT 0,6   [ RunTime:0.0030s ]
SQL: SELECT * FROM blog_article_detail ad WHERE ad.status = 1 AND `category_id` > 0 ORDER BY update_time desc  [ RunTime:0.0020s ]
SQL: SHOW COLUMNS FROM `blog_article_category` [ RunTime:0.0240s ]
SQL: SELECT * FROM `blog_article_category` WHERE `id` = 5 LIMIT 1   [ RunTime:0.0010s ]
INFO: [ view_parse ] --START--
INFO: [ template_filter ] --START--
INFO: Run Behavior\ContentReplaceBehavior [ RunTime:0.003000s ]
INFO: [ template_filter ] --END-- [ RunTime:0.003000s ]
NOTIC: [8] Undefined index: index_show C:\wamp\www\NewBlog\Class\Runtime\Cache\Home\019c94ce4980ea5b42b0fa88e5a3326f.php 第 104 行.
INFO: Run Behavior\ParseTemplateBehavior [ RunTime:0.197011s ]
INFO: [ view_parse ] --END-- [ RunTime:0.198011s ]
INFO: [ view_filter ] --START--
INFO: Run Behavior\WriteHtmlCacheBehavior [ RunTime:0.004000s ]
INFO: [ view_filter ] --END-- [ RunTime:0.004000s ]
INFO: [ app_end ] --START--
INFO: Run Behavior\ShowPageTraceBehavior [ RunTime:0.004001s ]
INFO: [ app_end ] --END-- [ RunTime:0.005001s ]

[ 2016-05-13T18:59:57+08:00 ] ::1 /NewBlog/index.php/Home/index/index.html
INFO: [ app_init ] --START--
INFO: Run Behavior\BuildLiteBehavior [ RunTime:0.000000s ]
INFO: [ app_init ] --END-- [ RunTime:0.003001s ]
INFO: [ app_begin ] --START--
INFO: Run Behavior\ReadHtmlCacheBehavior [ RunTime:0.004000s ]
INFO: [ app_begin ] --END-- [ RunTime:0.005000s ]
SQL: SHOW COLUMNS FROM `blog_login_type` [ RunTime:0.0200s ]
SQL: SELECT `name` FROM `blog_login_type` WHERE `id` = null LIMIT 1   [ RunTime:0.0020s ]
SQL: SHOW COLUMNS FROM `blog_article_category` [ RunTime:0.0210s ]
SQL: SELECT * FROM `blog_article_category` WHERE `status` = 1  [ RunTime:0.0020s ]
NOTIC: [8] Undefined variable: arr C:\wamp\www\NewBlog\Class\Home\Common\function.php 第 15 行.
NOTIC: [8] Undefined variable: arr C:\wamp\www\NewBlog\Class\Home\Common\function.php 第 15 行.
NOTIC: [8] Undefined variable: arr C:\wamp\www\NewBlog\Class\Home\Common\function.php 第 15 行.
NOTIC: [8] Undefined variable: arr C:\wamp\www\NewBlog\Class\Home\Common\function.php 第 15 行.
NOTIC: [8] Undefined variable: arr C:\wamp\www\NewBlog\Class\Home\Common\function.php 第 15 行.
SQL: SHOW COLUMNS FROM `blog_article_detail` [ RunTime:0.0240s ]
SQL: SELECT * FROM blog_article_detail ad WHERE ad.status = 1 AND `category_id` > 0 ORDER BY update_time desc LIMIT 0,4   [ RunTime:0.0010s ]
SQL: SELECT * FROM blog_article_detail ad WHERE ad.status = 1 AND `category_id` > 0 ORDER BY update_time desc LIMIT 0,6   [ RunTime:0.0020s ]
SQL: SELECT * FROM blog_article_detail ad WHERE ad.status = 1 AND `category_id` > 0 ORDER BY update_time desc  [ RunTime:0.0020s ]
SQL: SHOW COLUMNS FROM `blog_article_category` [ RunTime:0.0200s ]
SQL: SELECT * FROM `blog_article_category` WHERE `id` = 5 LIMIT 1   [ RunTime:0.0020s ]
INFO: [ view_parse ] --START--
INFO: [ template_filter ] --START--
INFO: Run Behavior\ContentReplaceBehavior [ RunTime:0.001000s ]
INFO: [ template_filter ] --END-- [ RunTime:0.002000s ]
NOTIC: [8] Undefined index: index_show C:\wamp\www\NewBlog\Class\Runtime\Cache\Home\019c94ce4980ea5b42b0fa88e5a3326f.php 第 104 行.
INFO: Run Behavior\ParseTemplateBehavior [ RunTime:0.156009s ]
INFO: [ view_parse ] --END-- [ RunTime:0.158009s ]
INFO: [ view_filter ] --START--
INFO: Run Behavior\WriteHtmlCacheBehavior [ RunTime:0.003001s ]
INFO: [ view_filter ] --END-- [ RunTime:0.004001s ]
INFO: [ app_end ] --START--
INFO: Run Behavior\ShowPageTraceBehavior [ RunTime:0.003000s ]
INFO: [ app_end ] --END-- [ RunTime:0.005000s ]

[ 2016-05-13T20:00:03+08:00 ] ::1 /NewBlog/index.php/Home/index/index.html
INFO: [ app_init ] --START--
INFO: Run Behavior\BuildLiteBehavior [ RunTime:0.000000s ]
INFO: [ app_init ] --END-- [ RunTime:0.004000s ]
INFO: [ app_begin ] --START--
INFO: Run Behavior\ReadHtmlCacheBehavior [ RunTime:0.005000s ]
INFO: [ app_begin ] --END-- [ RunTime:0.007000s ]
SQL: SHOW COLUMNS FROM `blog_login_type` [ RunTime:0.0240s ]
SQL: SELECT `name` FROM `blog_login_type` WHERE `id` = null LIMIT 1   [ RunTime:0.0010s ]
SQL: SHOW COLUMNS FROM `blog_article_category` [ RunTime:0.0220s ]
SQL: SELECT * FROM `blog_article_category` WHERE `status` = 1  [ RunTime:0.0020s ]
NOTIC: [8] Undefined variable: arr C:\wamp\www\NewBlog\Class\Home\Common\function.php 第 15 行.
NOTIC: [8] Undefined variable: arr C:\wamp\www\NewBlog\Class\Home\Common\function.php 第 15 行.
NOTIC: [8] Undefined variable: arr C:\wamp\www\NewBlog\Class\Home\Common\function.php 第 15 行.
NOTIC: [8] Undefined variable: arr C:\wamp\www\NewBlog\Class\Home\Common\function.php 第 15 行.
NOTIC: [8] Undefined variable: arr C:\wamp\www\NewBlog\Class\Home\Common\function.php 第 15 行.
SQL: SHOW COLUMNS FROM `blog_article_detail` [ RunTime:0.0250s ]
SQL: SELECT * FROM blog_article_detail ad WHERE ad.status = 1 AND `category_id` > 0 ORDER BY update_time desc LIMIT 0,4   [ RunTime:0.0020s ]
SQL: SELECT * FROM blog_article_detail ad WHERE ad.status = 1 AND `category_id` > 0 ORDER BY update_time desc LIMIT 0,6   [ RunTime:0.0020s ]
SQL: SELECT * FROM blog_article_detail ad WHERE ad.status = 1 AND `category_id` > 0 ORDER BY update_time desc  [ RunTime:0.0020s ]
SQL: SHOW COLUMNS FROM `blog_article_category` [ RunTime:0.0220s ]
SQL: SELECT * FROM `blog_article_category` WHERE `id` = 5 LIMIT 1   [ RunTime:0.0020s ]
INFO: [ view_parse ] --START--
INFO: [ template_filter ] --START--
INFO: Run Behavior\ContentReplaceBehavior [ RunTime:0.003001s ]
INFO: [ template_filter ] --END-- [ RunTime:0.003001s ]
NOTIC: [8] Undefined index: index_show C:\wamp\www\NewBlog\Class\Runtime\Cache\Home\019c94ce4980ea5b42b0fa88e5a3326f.php 第 104 行.
INFO: Run Behavior\ParseTemplateBehavior [ RunTime:0.166010s ]
INFO: [ view_parse ] --END-- [ RunTime:0.166010s ]
INFO: [ view_filter ] --START--
INFO: Run Behavior\WriteHtmlCacheBehavior [ RunTime:0.005000s ]
INFO: [ view_filter ] --END-- [ RunTime:0.005000s ]
INFO: [ app_end ] --START--
INFO: Run Behavior\ShowPageTraceBehavior [ RunTime:0.006000s ]
INFO: [ app_end ] --END-- [ RunTime:0.007000s ]

[ 2016-05-13T20:00:33+08:00 ] ::1 /NewBlog/
INFO: [ app_init ] --START--
INFO: Run Behavior\BuildLiteBehavior [ RunTime:0.001000s ]
INFO: [ app_init ] --END-- [ RunTime:0.003000s ]
INFO: [ app_begin ] --START--
INFO: Run Behavior\ReadHtmlCacheBehavior [ RunTime:0.004000s ]
INFO: [ app_begin ] --END-- [ RunTime:0.005001s ]
SQL: SHOW COLUMNS FROM `blog_login_type` [ RunTime:0.0220s ]
SQL: SELECT `name` FROM `blog_login_type` WHERE `id` = null LIMIT 1   [ RunTime:0.0010s ]
SQL: SHOW COLUMNS FROM `blog_article_category` [ RunTime:0.0220s ]
SQL: SELECT * FROM `blog_article_category` WHERE `status` = 1  [ RunTime:0.0020s ]
NOTIC: [8] Undefined variable: arr C:\wamp\www\NewBlog\Class\Home\Common\function.php 第 15 行.
NOTIC: [8] Undefined variable: arr C:\wamp\www\NewBlog\Class\Home\Common\function.php 第 15 行.
NOTIC: [8] Undefined variable: arr C:\wamp\www\NewBlog\Class\Home\Common\function.php 第 15 行.
NOTIC: [8] Undefined variable: arr C:\wamp\www\NewBlog\Class\Home\Common\function.php 第 15 行.
NOTIC: [8] Undefined variable: arr C:\wamp\www\NewBlog\Class\Home\Common\function.php 第 15 行.
SQL: SHOW COLUMNS FROM `blog_article_detail` [ RunTime:0.0230s ]
SQL: SELECT * FROM blog_article_detail ad WHERE ad.status = 1 AND `category_id` > 0 ORDER BY update_time desc LIMIT 0,4   [ RunTime:0.0020s ]
SQL: SELECT * FROM blog_article_detail ad WHERE ad.status = 1 AND `category_id` > 0 ORDER BY update_time desc LIMIT 0,6   [ RunTime:0.0020s ]
SQL: SELECT * FROM blog_article_detail ad WHERE ad.status = 1 AND `category_id` > 0 ORDER BY update_time desc  [ RunTime:0.0030s ]
SQL: SHOW COLUMNS FROM `blog_article_category` [ RunTime:0.0220s ]
SQL: SELECT * FROM `blog_article_category` WHERE `id` = 5 LIMIT 1   [ RunTime:0.0010s ]
INFO: [ view_parse ] --START--
INFO: [ template_filter ] --START--
INFO: Run Behavior\ContentReplaceBehavior [ RunTime:0.001000s ]
INFO: [ template_filter ] --END-- [ RunTime:0.002000s ]
NOTIC: [8] Undefined index: index_show C:\wamp\www\NewBlog\Class\Runtime\Cache\Home\019c94ce4980ea5b42b0fa88e5a3326f.php 第 104 行.
INFO: Run Behavior\ParseTemplateBehavior [ RunTime:0.155009s ]
INFO: [ view_parse ] --END-- [ RunTime:0.157009s ]
INFO: [ view_filter ] --START--
INFO: Run Behavior\WriteHtmlCacheBehavior [ RunTime:0.003000s ]
INFO: [ view_filter ] --END-- [ RunTime:0.004000s ]
INFO: [ app_end ] --START--
INFO: Run Behavior\ShowPageTraceBehavior [ RunTime:0.003000s ]
INFO: [ app_end ] --END-- [ RunTime:0.005000s ]

[ 2016-05-13T20:21:08+08:00 ] ::1 /NewBlog/index.php/Home/index/index.html
INFO: [ app_init ] --START--
INFO: Run Behavior\BuildLiteBehavior [ RunTime:0.000000s ]
INFO: [ app_init ] --END-- [ RunTime:0.004000s ]
INFO: [ app_begin ] --START--
INFO: Run Behavior\ReadHtmlCacheBehavior [ RunTime:0.004000s ]
INFO: [ app_begin ] --END-- [ RunTime:0.006001s ]
SQL: SHOW COLUMNS FROM `blog_login_type` [ RunTime:0.0240s ]
SQL: SELECT `name` FROM `blog_login_type` WHERE `id` = null LIMIT 1   [ RunTime:0.0020s ]
SQL: SHOW COLUMNS FROM `blog_article_category` [ RunTime:0.0230s ]
SQL: SELECT * FROM `blog_article_category` WHERE `status` = 1  [ RunTime:0.0020s ]
NOTIC: [8] Undefined variable: arr C:\wamp\www\NewBlog\Class\Home\Common\function.php 第 15 行.
NOTIC: [8] Undefined variable: arr C:\wamp\www\NewBlog\Class\Home\Common\function.php 第 15 行.
NOTIC: [8] Undefined variable: arr C:\wamp\www\NewBlog\Class\Home\Common\function.php 第 15 行.
NOTIC: [8] Undefined variable: arr C:\wamp\www\NewBlog\Class\Home\Common\function.php 第 15 行.
NOTIC: [8] Undefined variable: arr C:\wamp\www\NewBlog\Class\Home\Common\function.php 第 15 行.
SQL: SHOW COLUMNS FROM `blog_article_detail` [ RunTime:0.0260s ]
SQL: SELECT * FROM blog_article_detail ad WHERE ad.status = 1 AND `category_id` > 0 ORDER BY update_time desc LIMIT 0,4   [ RunTime:0.0030s ]
SQL: SELECT * FROM blog_article_detail ad WHERE ad.status = 1 AND `category_id` > 0 ORDER BY update_time desc LIMIT 0,6   [ RunTime:0.0020s ]
SQL: SELECT * FROM blog_article_detail ad WHERE ad.status = 1 AND `category_id` > 0 ORDER BY update_time desc  [ RunTime:0.0020s ]
SQL: SHOW COLUMNS FROM `blog_article_category` [ RunTime:0.0250s ]
SQL: SELECT * FROM `blog_article_category` WHERE `id` = 5 LIMIT 1   [ RunTime:0.0010s ]
INFO: [ view_parse ] --START--
INFO: [ template_filter ] --START--
INFO: Run Behavior\ContentReplaceBehavior [ RunTime:0.001000s ]
INFO: [ template_filter ] --END-- [ RunTime:0.001000s ]
NOTIC: [8] Undefined index: index_show C:\wamp\www\NewBlog\Class\Runtime\Cache\Home\019c94ce4980ea5b42b0fa88e5a3326f.php 第 104 行.
INFO: Run Behavior\ParseTemplateBehavior [ RunTime:0.162009s ]
INFO: [ view_parse ] --END-- [ RunTime:0.163009s ]
INFO: [ view_filter ] --START--
INFO: Run Behavior\WriteHtmlCacheBehavior [ RunTime:0.003000s ]
INFO: [ view_filter ] --END-- [ RunTime:0.004000s ]
INFO: [ app_end ] --START--
INFO: Run Behavior\ShowPageTraceBehavior [ RunTime:0.004000s ]
INFO: [ app_end ] --END-- [ RunTime:0.005000s ]

[ 2016-05-13T20:21:31+08:00 ] ::1 /NewBlog/index.php/Home/index/index.html
INFO: [ app_init ] --START--
INFO: Run Behavior\BuildLiteBehavior [ RunTime:0.000000s ]
INFO: [ app_init ] --END-- [ RunTime:0.003000s ]
INFO: [ app_begin ] --START--
INFO: Run Behavior\ReadHtmlCacheBehavior [ RunTime:0.004000s ]
INFO: [ app_begin ] --END-- [ RunTime:0.006000s ]
SQL: SHOW COLUMNS FROM `blog_login_type` [ RunTime:0.0230s ]
SQL: SELECT `name` FROM `blog_login_type` WHERE `id` = null LIMIT 1   [ RunTime:0.0010s ]
SQL: SHOW COLUMNS FROM `blog_article_category` [ RunTime:0.0320s ]
SQL: SELECT * FROM `blog_article_category` WHERE `status` = 1  [ RunTime:0.0010s ]
NOTIC: [8] Undefined variable: arr C:\wamp\www\NewBlog\Class\Home\Common\function.php 第 15 行.
NOTIC: [8] Undefined variable: arr C:\wamp\www\NewBlog\Class\Home\Common\function.php 第 15 行.
NOTIC: [8] Undefined variable: arr C:\wamp\www\NewBlog\Class\Home\Common\function.php 第 15 行.
NOTIC: [8] Undefined variable: arr C:\wamp\www\NewBlog\Class\Home\Common\function.php 第 15 行.
NOTIC: [8] Undefined variable: arr C:\wamp\www\NewBlog\Class\Home\Common\function.php 第 15 行.
SQL: SHOW COLUMNS FROM `blog_article_detail` [ RunTime:0.0260s ]
SQL: SELECT * FROM blog_article_detail ad WHERE ad.status = 1 AND `category_id` > 0 ORDER BY update_time desc LIMIT 0,4   [ RunTime:0.0020s ]
SQL: SELECT * FROM blog_article_detail ad WHERE ad.status = 1 AND `category_id` > 0 ORDER BY update_time desc LIMIT 0,6   [ RunTime:0.0020s ]
SQL: SELECT * FROM blog_article_detail ad WHERE ad.status = 1 AND `category_id` > 0 ORDER BY update_time desc  [ RunTime:0.0020s ]
SQL: SHOW COLUMNS FROM `blog_article_category` [ RunTime:0.0240s ]
SQL: SELECT * FROM `blog_article_category` WHERE `id` = 5 LIMIT 1   [ RunTime:0.0010s ]
INFO: [ view_parse ] --START--
INFO: [ template_filter ] --START--
INFO: Run Behavior\ContentReplaceBehavior [ RunTime:0.001000s ]
INFO: [ template_filter ] --END-- [ RunTime:0.002000s ]
NOTIC: [8] Undefined index: index_show C:\wamp\www\NewBlog\Class\Runtime\Cache\Home\019c94ce4980ea5b42b0fa88e5a3326f.php 第 104 行.
INFO: Run Behavior\ParseTemplateBehavior [ RunTime:0.156009s ]
INFO: [ view_parse ] --END-- [ RunTime:0.158009s ]
INFO: [ view_filter ] --START--
INFO: Run Behavior\WriteHtmlCacheBehavior [ RunTime:0.002000s ]
INFO: [ view_filter ] --END-- [ RunTime:0.004001s ]
INFO: [ app_end ] --START--
INFO: Run Behavior\ShowPageTraceBehavior [ RunTime:0.004000s ]
INFO: [ app_end ] --END-- [ RunTime:0.005000s ]

[ 2016-05-13T20:39:23+08:00 ] ::1 /NewBlog/
INFO: [ app_init ] --START--
INFO: Run Behavior\BuildLiteBehavior [ RunTime:0.000000s ]
INFO: [ app_init ] --END-- [ RunTime:0.003000s ]
INFO: [ app_begin ] --START--
INFO: Run Behavior\ReadHtmlCacheBehavior [ RunTime:0.003000s ]
INFO: [ app_begin ] --END-- [ RunTime:0.004000s ]
SQL: SHOW COLUMNS FROM `blog_login_type` [ RunTime:0.0160s ]
SQL: SELECT `name` FROM `blog_login_type` WHERE `id` = null LIMIT 1   [ RunTime:0.0010s ]
SQL: SHOW COLUMNS FROM `blog_article_category` [ RunTime:0.0160s ]
SQL: SELECT * FROM `blog_article_category` WHERE `status` = 1  [ RunTime:0.0010s ]
NOTIC: [8] Undefined variable: arr C:\wamp\www\NewBlog\Class\Home\Common\function.php 第 15 行.
NOTIC: [8] Undefined variable: arr C:\wamp\www\NewBlog\Class\Home\Common\function.php 第 15 行.
NOTIC: [8] Undefined variable: arr C:\wamp\www\NewBlog\Class\Home\Common\function.php 第 15 行.
NOTIC: [8] Undefined variable: arr C:\wamp\www\NewBlog\Class\Home\Common\function.php 第 15 行.
NOTIC: [8] Undefined variable: arr C:\wamp\www\NewBlog\Class\Home\Common\function.php 第 15 行.
SQL: SHOW COLUMNS FROM `blog_article_detail` [ RunTime:0.0170s ]
SQL: SELECT * FROM blog_article_detail ad WHERE ad.status = 1 AND `category_id` > 0 ORDER BY update_time desc LIMIT 0,4   [ RunTime:0.0020s ]
SQL: SELECT * FROM blog_article_detail ad WHERE ad.status = 1 AND `category_id` > 0 ORDER BY update_time desc LIMIT 0,6   [ RunTime:0.0010s ]
SQL: SELECT * FROM blog_article_detail ad WHERE ad.status = 1 AND `category_id` > 0 ORDER BY update_time desc  [ RunTime:0.0020s ]
SQL: SHOW COLUMNS FROM `blog_article_category` [ RunTime:0.0170s ]
SQL: SELECT * FROM `blog_article_category` WHERE `id` = 5 LIMIT 1   [ RunTime:0.0010s ]
INFO: [ view_parse ] --START--
INFO: [ template_filter ] --START--
INFO: Run Behavior\ContentReplaceBehavior [ RunTime:0.000000s ]
INFO: [ template_filter ] --END-- [ RunTime:0.001000s ]
NOTIC: [8] Undefined index: index_show C:\wamp\www\NewBlog\Class\Runtime\Cache\Home\019c94ce4980ea5b42b0fa88e5a3326f.php 第 104 行.
INFO: Run Behavior\ParseTemplateBehavior [ RunTime:0.099006s ]
INFO: [ view_parse ] --END-- [ RunTime:0.099006s ]
INFO: [ view_filter ] --START--
INFO: Run Behavior\WriteHtmlCacheBehavior [ RunTime:0.002000s ]
INFO: [ view_filter ] --END-- [ RunTime:0.002000s ]
INFO: [ app_end ] --START--
INFO: Run Behavior\ShowPageTraceBehavior [ RunTime:0.004000s ]
INFO: [ app_end ] --END-- [ RunTime:0.004000s ]

[ 2016-05-13T21:15:29+08:00 ] ::1 /NewBlog/index.php/Home/index/index.html
INFO: [ app_init ] --START--
INFO: Run Behavior\BuildLiteBehavior [ RunTime:0.000000s ]
INFO: [ app_init ] --END-- [ RunTime:0.005000s ]
INFO: [ app_begin ] --START--
INFO: Run Behavior\ReadHtmlCacheBehavior [ RunTime:0.005000s ]
INFO: [ app_begin ] --END-- [ RunTime:0.007000s ]
SQL: SHOW COLUMNS FROM `blog_login_type` [ RunTime:0.0220s ]
SQL: SELECT `name` FROM `blog_login_type` WHERE `id` = null LIMIT 1   [ RunTime:0.0020s ]
SQL: SHOW COLUMNS FROM `blog_article_category` [ RunTime:0.0240s ]
SQL: SELECT * FROM `blog_article_category` WHERE `status` = 1  [ RunTime:0.0010s ]
NOTIC: [8] Undefined variable: arr C:\wamp\www\NewBlog\Class\Home\Common\function.php 第 15 行.
NOTIC: [8] Undefined variable: arr C:\wamp\www\NewBlog\Class\Home\Common\function.php 第 15 行.
NOTIC: [8] Undefined variable: arr C:\wamp\www\NewBlog\Class\Home\Common\function.php 第 15 行.
NOTIC: [8] Undefined variable: arr C:\wamp\www\NewBlog\Class\Home\Common\function.php 第 15 行.
NOTIC: [8] Undefined variable: arr C:\wamp\www\NewBlog\Class\Home\Common\function.php 第 15 行.
SQL: SHOW COLUMNS FROM `blog_article_detail` [ RunTime:0.0240s ]
SQL: SELECT * FROM blog_article_detail ad WHERE ad.status = 1 AND `category_id` > 0 ORDER BY update_time desc LIMIT 0,4   [ RunTime:0.0020s ]
SQL: SELECT * FROM blog_article_detail ad WHERE ad.status = 1 AND `category_id` > 0 ORDER BY update_time desc LIMIT 0,6   [ RunTime:0.0030s ]
SQL: SELECT * FROM blog_article_detail ad WHERE ad.status = 1 AND `category_id` > 0 ORDER BY update_time desc  [ RunTime:0.0020s ]
SQL: SHOW COLUMNS FROM `blog_article_category` [ RunTime:0.0240s ]
SQL: SELECT * FROM `blog_article_category` WHERE `id` = 5 LIMIT 1   [ RunTime:0.0010s ]
INFO: [ view_parse ] --START--
INFO: [ template_filter ] --START--
INFO: Run Behavior\ContentReplaceBehavior [ RunTime:0.000000s ]
INFO: [ template_filter ] --END-- [ RunTime:0.002000s ]
NOTIC: [8] Undefined index: index_show C:\wamp\www\NewBlog\Class\Runtime\Cache\Home\019c94ce4980ea5b42b0fa88e5a3326f.php 第 104 行.
INFO: Run Behavior\ParseTemplateBehavior [ RunTime:0.155009s ]
INFO: [ view_parse ] --END-- [ RunTime:0.155009s ]
INFO: [ view_filter ] --START--
INFO: Run Behavior\WriteHtmlCacheBehavior [ RunTime:0.004001s ]
INFO: [ view_filter ] --END-- [ RunTime:0.004001s ]
INFO: [ app_end ] --START--
INFO: Run Behavior\ShowPageTraceBehavior [ RunTime:0.006000s ]
INFO: [ app_end ] --END-- [ RunTime:0.007000s ]

